2025-11-28 11:25:23,699 - INFO - StraddleSeller logger initialized -> ./logs/Strategy/StraddleSeller/20251128_112523_straddleseller.log
2025-11-28 11:25:23,724 - INFO - ZMQ context initialized
2025-11-28 11:25:23,726 - INFO - StraddleSeller run loop started...
2025-11-28 11:25:30,484 - INFO - Received market data | Time: 2025-10-31 09:15:00 | Spot: 25863.8
2025-11-28 11:25:30,484 - INFO - Received market data | Time: 2025-10-31 09:16:00 | Spot: 25833.6
2025-11-28 11:25:30,484 - INFO - Received market data | Time: 2025-10-31 09:17:00 | Spot: 25844.0
2025-11-28 11:25:30,497 - INFO - Received market data | Time: 2025-10-31 09:18:00 | Spot: 25848.05
2025-11-28 11:25:30,497 - INFO - Received market data | Time: 2025-10-31 09:19:00 | Spot: 25853.15
2025-11-28 11:25:30,503 - INFO - Received market data | Time: 2025-10-31 09:20:00 | Spot: 25862.85
2025-11-28 11:25:30,503 - INFO - Placing straddle at 2025-10-31 09:20:00 | Spot: 25862.85 | ATM Strike: 25850
2025-11-28 11:25:30,507 - INFO - Call token ID : 52889 | Put token ID : 52896
2025-11-28 11:25:30,623 - WARNING - No packet received for token 52889 after timeout at 2025-10-31 09:20:00
2025-11-28 11:25:30,623 - WARNING - No market data for token 52889 at 2025-10-31 09:20:00
2025-11-28 11:25:30,732 - WARNING - No packet received for token 52896 after timeout at 2025-10-31 09:20:00
2025-11-28 11:25:30,732 - WARNING - No market data for token 52896 at 2025-10-31 09:20:00
2025-11-28 11:25:30,734 - ERROR - No Data for option premiums, aborting straddle placement
2025-11-28 11:25:33,978 - INFO - Subscription closed for get_market_data
2025-11-28 11:25:37,455 - INFO - DAILY REPORT: DAY REPORT: Short Straddle
• Date: 2025-11-28
• Total Trades: 0
• Wins: 0
• Losses: 0
• Total PnL: 0

